<?xml version="1.0" encoding="UTF-8"?>
<testsuite name="gormDc.LicensorIntSpec" tests="4" skipped="0" failures="3" errors="0" timestamp="2016-02-18T14:58:58" hostname="AHC14-LT-56" time="14.187">
  <properties/>
  <testcase name="Reference search using inner join onto self works" classname="gormDc.LicensorIntSpec" time="4.103">
    <failure message="java.lang.NullPointerException" type="java.lang.NullPointerException">java.lang.NullPointerException
	at org.grails.orm.hibernate.query.AbstractHibernateQuery.doTypeConversionIfNeccessary(AbstractHibernateQuery.java:251)
	at org.grails.orm.hibernate.query.AbstractHibernateCriterionAdapter.applySubCriteriaToJunction(AbstractHibernateCriterionAdapter.java:510)
	at org.grails.orm.hibernate.query.AbstractHibernateCriterionAdapter$15.toHibernateCriterion(AbstractHibernateCriterionAdapter.java:219)
	at org.grails.orm.hibernate.query.AbstractHibernateCriterionAdapter$15.toHibernateCriterion(AbstractHibernateCriterionAdapter.java:215)
	at org.grails.orm.hibernate.query.AbstractHibernateCriterionAdapter.toHibernateCriterion(AbstractHibernateCriterionAdapter.java:531)
	at grails.orm.HibernateCriteriaBuilder.populateHibernateDetachedCriteria(HibernateCriteriaBuilder.java:222)
	at grails.orm.HibernateCriteriaBuilder.getHibernateDetachedCriteria(HibernateCriteriaBuilder.java:215)
	at org.grails.orm.hibernate.query.HibernateQuery.setDetachedCriteriaValue(HibernateQuery.java:77)
	at org.grails.orm.hibernate.query.AbstractHibernateQuery.add(AbstractHibernateQuery.java:160)
	at org.grails.datastore.gorm.finders.DynamicFinder.applyDetachedCriteria(DynamicFinder.java:545)
	at grails.gorm.DetachedCriteria.withPopulatedQuery_closure10(DetachedCriteria.groovy:1235)
	at groovy.lang.Closure.call(Closure.java:426)
	at groovy.lang.Closure.call(Closure.java:442)
	at org.grails.datastore.gorm.GormStaticApi.withDatastoreSession_closure23(GormStaticApi.groovy:726)
	at groovy.lang.Closure.call(Closure.java:426)
	at org.grails.datastore.mapping.core.DatastoreUtils.execute(DatastoreUtils.java:310)
	at org.grails.datastore.gorm.AbstractDatastoreApi.execute(AbstractDatastoreApi.groovy:37)
	at org.grails.datastore.gorm.GormStaticApi.withDatastoreSession(GormStaticApi.groovy:725)
	at org.grails.datastore.gorm.GormEntity$Trait$Helper.withDatastoreSession(GormEntity.groovy:884)
	at grails.gorm.DetachedCriteria.withPopulatedQuery(DetachedCriteria.groovy:1219)
	at grails.gorm.DetachedCriteria.list(DetachedCriteria.groovy:872)
	at gormDc.LicensorIntSpec.$tt__$spock_feature_0_0(LicensorIntSpec.groovy:31)
	at gormDc.LicensorIntSpec.Reference search using inner join onto self works_closure1(LicensorIntSpec.groovy)
	at groovy.lang.Closure.call(Closure.java:426)
	at groovy.lang.Closure.call(Closure.java:442)
	at grails.transaction.GrailsTransactionTemplate$1.doInTransaction(GrailsTransactionTemplate.groovy:70)
	at org.springframework.transaction.support.TransactionTemplate.execute(TransactionTemplate.java:133)
	at grails.transaction.GrailsTransactionTemplate.executeAndRollback(GrailsTransactionTemplate.groovy:67)
	at gormDc.LicensorIntSpec.Reference search using inner join onto self works(LicensorIntSpec.groovy)
</failure>
  </testcase>
  <testcase name="Test Lookup for Licensor By group" classname="gormDc.LicensorIntSpec" time="3.805"/>
  <testcase name="Test Lookup for Licensor using OR with direct data" classname="gormDc.LicensorIntSpec" time="3.082">
    <failure message="java.lang.NullPointerException" type="java.lang.NullPointerException">java.lang.NullPointerException
	at org.grails.orm.hibernate.query.AbstractHibernateQuery.doTypeConversionIfNeccessary(AbstractHibernateQuery.java:251)
	at org.grails.orm.hibernate.query.AbstractHibernateCriterionAdapter.applySubCriteriaToJunction(AbstractHibernateCriterionAdapter.java:510)
	at org.grails.orm.hibernate.query.AbstractHibernateCriterionAdapter$15.toHibernateCriterion(AbstractHibernateCriterionAdapter.java:219)
	at org.grails.orm.hibernate.query.AbstractHibernateCriterionAdapter$15.toHibernateCriterion(AbstractHibernateCriterionAdapter.java:215)
	at org.grails.orm.hibernate.query.AbstractHibernateCriterionAdapter.toHibernateCriterion(AbstractHibernateCriterionAdapter.java:531)
	at grails.orm.HibernateCriteriaBuilder.populateHibernateDetachedCriteria(HibernateCriteriaBuilder.java:222)
	at grails.orm.HibernateCriteriaBuilder.getHibernateDetachedCriteria(HibernateCriteriaBuilder.java:215)
	at org.grails.orm.hibernate.query.HibernateQuery.setDetachedCriteriaValue(HibernateQuery.java:77)
	at org.grails.orm.hibernate.query.AbstractHibernateQuery.add(AbstractHibernateQuery.java:160)
	at org.grails.datastore.gorm.finders.DynamicFinder.applyDetachedCriteria(DynamicFinder.java:545)
	at grails.gorm.DetachedCriteria.withPopulatedQuery_closure10(DetachedCriteria.groovy:1235)
	at groovy.lang.Closure.call(Closure.java:426)
	at groovy.lang.Closure.call(Closure.java:442)
	at org.grails.datastore.gorm.GormStaticApi.withDatastoreSession_closure23(GormStaticApi.groovy:726)
	at groovy.lang.Closure.call(Closure.java:426)
	at org.grails.datastore.mapping.core.DatastoreUtils.execute(DatastoreUtils.java:310)
	at org.grails.datastore.gorm.AbstractDatastoreApi.execute(AbstractDatastoreApi.groovy:37)
	at org.grails.datastore.gorm.GormStaticApi.withDatastoreSession(GormStaticApi.groovy:725)
	at org.grails.datastore.gorm.GormEntity$Trait$Helper.withDatastoreSession(GormEntity.groovy:884)
	at grails.gorm.DetachedCriteria.withPopulatedQuery(DetachedCriteria.groovy:1219)
	at grails.gorm.DetachedCriteria.list(DetachedCriteria.groovy:872)
	at gormDc.LicensorIntSpec.$tt__$spock_feature_0_2(LicensorIntSpec.groovy:77)
	at gormDc.LicensorIntSpec.Test Lookup for Licensor using OR with direct data_closure3(LicensorIntSpec.groovy)
	at groovy.lang.Closure.call(Closure.java:426)
	at groovy.lang.Closure.call(Closure.java:442)
	at grails.transaction.GrailsTransactionTemplate$1.doInTransaction(GrailsTransactionTemplate.groovy:70)
	at org.springframework.transaction.support.TransactionTemplate.execute(TransactionTemplate.java:133)
	at grails.transaction.GrailsTransactionTemplate.executeAndRollback(GrailsTransactionTemplate.groovy:67)
	at gormDc.LicensorIntSpec.Test Lookup for Licensor using OR with direct data(LicensorIntSpec.groovy)
</failure>
  </testcase>
  <testcase name="Test Lookup for Licensor using where with direct data" classname="gormDc.LicensorIntSpec" time="3.189">
    <failure message="java.lang.NullPointerException" type="java.lang.NullPointerException">java.lang.NullPointerException
	at org.grails.orm.hibernate.query.AbstractHibernateQuery.doTypeConversionIfNeccessary(AbstractHibernateQuery.java:251)
	at org.grails.orm.hibernate.query.AbstractHibernateCriterionAdapter.applySubCriteriaToJunction(AbstractHibernateCriterionAdapter.java:510)
	at org.grails.orm.hibernate.query.AbstractHibernateCriterionAdapter$15.toHibernateCriterion(AbstractHibernateCriterionAdapter.java:219)
	at org.grails.orm.hibernate.query.AbstractHibernateCriterionAdapter$15.toHibernateCriterion(AbstractHibernateCriterionAdapter.java:215)
	at org.grails.orm.hibernate.query.AbstractHibernateCriterionAdapter.toHibernateCriterion(AbstractHibernateCriterionAdapter.java:531)
	at grails.orm.HibernateCriteriaBuilder.populateHibernateDetachedCriteria(HibernateCriteriaBuilder.java:222)
	at grails.orm.HibernateCriteriaBuilder.getHibernateDetachedCriteria(HibernateCriteriaBuilder.java:215)
	at org.grails.orm.hibernate.query.HibernateQuery.setDetachedCriteriaValue(HibernateQuery.java:77)
	at org.grails.orm.hibernate.query.AbstractHibernateQuery.add(AbstractHibernateQuery.java:160)
	at org.grails.datastore.gorm.finders.DynamicFinder.applyDetachedCriteria(DynamicFinder.java:545)
	at grails.gorm.DetachedCriteria.withPopulatedQuery_closure10(DetachedCriteria.groovy:1235)
	at groovy.lang.Closure.call(Closure.java:426)
	at groovy.lang.Closure.call(Closure.java:442)
	at org.grails.datastore.gorm.GormStaticApi.withDatastoreSession_closure23(GormStaticApi.groovy:726)
	at groovy.lang.Closure.call(Closure.java:426)
	at org.grails.datastore.mapping.core.DatastoreUtils.execute(DatastoreUtils.java:310)
	at org.grails.datastore.gorm.AbstractDatastoreApi.execute(AbstractDatastoreApi.groovy:37)
	at org.grails.datastore.gorm.GormStaticApi.withDatastoreSession(GormStaticApi.groovy:725)
	at org.grails.datastore.gorm.GormEntity$Trait$Helper.withDatastoreSession(GormEntity.groovy:884)
	at grails.gorm.DetachedCriteria.withPopulatedQuery(DetachedCriteria.groovy:1219)
	at grails.gorm.DetachedCriteria.list(DetachedCriteria.groovy:872)
	at gormDc.LicensorIntSpec.$tt__$spock_feature_0_3(LicensorIntSpec.groovy:98)
	at gormDc.LicensorIntSpec.Test Lookup for Licensor using where with direct data_closure4(LicensorIntSpec.groovy)
	at groovy.lang.Closure.call(Closure.java:426)
	at groovy.lang.Closure.call(Closure.java:442)
	at grails.transaction.GrailsTransactionTemplate$1.doInTransaction(GrailsTransactionTemplate.groovy:70)
	at org.springframework.transaction.support.TransactionTemplate.execute(TransactionTemplate.java:133)
	at grails.transaction.GrailsTransactionTemplate.executeAndRollback(GrailsTransactionTemplate.groovy:67)
	at gormDc.LicensorIntSpec.Test Lookup for Licensor using where with direct data(LicensorIntSpec.groovy)
</failure>
  </testcase>
  <system-out><![CDATA[]]></system-out>
  <system-err><![CDATA[]]></system-err>
</testsuite>
